2020-06-15 22:34:10: {'paymentIntent': {'allowed_source_types': ['card'],
                   'amount': 951,
                   'canceled_at': None,
                   'cancellation_reason': None,
                   'capture_method': 'automatic',
                   'client_secret': 'pi_1GuXQpFPcMbrEXEYhFVgd5R1_secret_O8JNWT1TJC48n51daEIvDFzHL',
                   'confirmation_method': 'automatic',
                   'created': 1592285639,
                   'currency': 'gbp',
                   'description': None,
                   'id': 'pi_1GuXQpFPcMbrEXEYhFVgd5R1',
                   'last_payment_error': None,
                   'livemode': False,
                   'next_action': None,
                   'next_source_action': None,
                   'object': 'payment_intent',
                   'payment_method': 'pm_1GuXQzFPcMbrEXEY31MV6Fil',
                   'payment_method_types': ['card'],
                   'receipt_email': None,
                   'setup_future_usage': None,
                   'shipping': None,
                   'source': None,
                   'status': 'succeeded'}}
2020-06-15 22:35:01: {'paymentIntent': {'allowed_source_types': ['card'],
                   'amount': 1135,
                   'canceled_at': None,
                   'cancellation_reason': None,
                   'capture_method': 'automatic',
                   'client_secret': 'pi_1GuXRiFPcMbrEXEY7uTc5nR4_secret_w24xLICeIrvnt4xNUuoYGEgFG',
                   'confirmation_method': 'automatic',
                   'created': 1592285694,
                   'currency': 'chf',
                   'description': None,
                   'id': 'pi_1GuXRiFPcMbrEXEY7uTc5nR4',
                   'last_payment_error': None,
                   'livemode': False,
                   'next_action': None,
                   'next_source_action': None,
                   'object': 'payment_intent',
                   'payment_method': 'pm_1GuXRoFPcMbrEXEYfNUSTk4A',
                   'payment_method_types': ['card'],
                   'receipt_email': None,
                   'setup_future_usage': None,
                   'shipping': None,
                   'source': None,
                   'status': 'succeeded'}}
2020-06-15 23:37:03: {'paymentIntent': {'allowed_source_types': ['card'],
                   'amount': 1746,
                   'canceled_at': None,
                   'cancellation_reason': None,
                   'capture_method': 'automatic',
                   'client_secret': 'pi_1GuXe0FPcMbrEXEYQLZ7EYdM_secret_n7HCZlQECi8CidWv7GN5bbSN4',
                   'confirmation_method': 'automatic',
                   'created': 1592286456,
                   'currency': 'aud',
                   'description': None,
                   'id': 'pi_1GuXe0FPcMbrEXEYQLZ7EYdM',
                   'last_payment_error': None,
                   'livemode': False,
                   'next_action': None,
                   'next_source_action': None,
                   'object': 'payment_intent',
                   'payment_method': 'pm_1GuYPlFPcMbrEXEYHfuiFr3f',
                   'payment_method_types': ['card'],
                   'receipt_email': None,
                   'setup_future_usage': None,
                   'shipping': None,
                   'source': None,
                   'status': 'succeeded'}}
2020-06-15 23:38:26: {'paymentIntent': {'allowed_source_types': ['card'],
                   'amount': 1200,
                   'canceled_at': None,
                   'cancellation_reason': None,
                   'capture_method': 'automatic',
                   'client_secret': 'pi_1GuYR1FPcMbrEXEY3mO5Cx6t_secret_ccowKL4BUpkCoWdmRARt4EZzm',
                   'confirmation_method': 'automatic',
                   'created': 1592289495,
                   'currency': 'usd',
                   'description': None,
                   'id': 'pi_1GuYR1FPcMbrEXEY3mO5Cx6t',
                   'last_payment_error': None,
                   'livemode': False,
                   'next_action': None,
                   'next_source_action': None,
                   'object': 'payment_intent',
                   'payment_method': 'pm_1GuYRBFPcMbrEXEYtMt0bQYE',
                   'payment_method_types': ['card'],
                   'receipt_email': None,
                   'setup_future_usage': None,
                   'shipping': None,
                   'source': None,
                   'status': 'succeeded'}}
2020-06-16 08:36:00: {'paymentIntent': {'allowed_source_types': ['card'],
                   'amount': 1200,
                   'canceled_at': None,
                   'cancellation_reason': None,
                   'capture_method': 'automatic',
                   'client_secret': 'pi_1GugliFPcMbrEXEYpCwPfDJM_secret_cU2Fpb5NjvMxYg1diGa3WhfJZ',
                   'confirmation_method': 'automatic',
                   'created': 1592321530,
                   'currency': 'usd',
                   'description': None,
                   'id': 'pi_1GugliFPcMbrEXEYpCwPfDJM',
                   'last_payment_error': None,
                   'livemode': False,
                   'next_action': None,
                   'next_source_action': None,
                   'object': 'payment_intent',
                   'payment_method': 'pm_1GugpKFPcMbrEXEY5O5LZvWt',
                   'payment_method_types': ['card'],
                   'receipt_email': None,
                   'setup_future_usage': None,
                   'shipping': None,
                   'source': None,
                   'status': 'succeeded'}}
2020-06-16 12:38:31: {'paymentIntent': {'allowed_source_types': ['card'],
                   'amount': 1200,
                   'canceled_at': None,
                   'cancellation_reason': None,
                   'capture_method': 'automatic',
                   'client_secret': 'pi_1Gukc1FPcMbrEXEYOU73pWJt_secret_tK9J67sFNBVQSAWptfxhHDx6y',
                   'confirmation_method': 'automatic',
                   'created': 1592336305,
                   'currency': 'usd',
                   'description': None,
                   'id': 'pi_1Gukc1FPcMbrEXEYOU73pWJt',
                   'last_payment_error': None,
                   'livemode': False,
                   'next_action': None,
                   'next_source_action': None,
                   'object': 'payment_intent',
                   'payment_method': 'pm_1Gukc6FPcMbrEXEYtap7Cra2',
                   'payment_method_types': ['card'],
                   'receipt_email': None,
                   'setup_future_usage': None,
                   'shipping': None,
                   'source': None,
                   'status': 'succeeded'}}
